[2016-01-07 06:17:08.066 GMT     4	INFO   	100000	AssemblyLoader.Client	]	Recursively searching for assemblies in C:\R5Enterprise\ProvingGround\ProvingGroundTcpHostService...	
[2016-01-07 06:17:08.644 GMT     4	INFO   	100000	AssemblyLoader.Client	]	User assembly ignored: C:\R5Enterprise\ProvingGround\ProvingGroundTcpHostService\AutoMapper.dll
	* Assembly contains no types assignable from Orleans.Providers.IProvider.	
[2016-01-07 06:17:08.660 GMT     4	INFO   	100000	AssemblyLoader.Client	]	User assembly ignored: C:\R5Enterprise\ProvingGround\ProvingGroundTcpHostService\ElasticSearch.Diagnostics.dll
	* Assembly contains no types assignable from Orleans.Providers.IProvider.	
[2016-01-07 06:17:08.769 GMT     4	INFO   	100000	AssemblyLoader.Client	]	User assembly ignored: C:\R5Enterprise\ProvingGround\ProvingGroundTcpHostService\Elasticsearch.Net.dll
	* Assembly contains no types assignable from Orleans.Providers.IProvider.	
[2016-01-07 06:17:08.769 GMT     4	INFO   	100000	AssemblyLoader.Client	]	User assembly ignored: C:\R5Enterprise\ProvingGround\ProvingGroundTcpHostService\Essential.Diagnostics.dll
	* Assembly contains no types assignable from Orleans.Providers.IProvider.	
[2016-01-07 06:17:08.785 GMT     4	INFO   	100000	AssemblyLoader.Client	]	User assembly ignored: C:\R5Enterprise\ProvingGround\ProvingGroundTcpHostService\Harvester.Core.dll
	* Assembly contains no types assignable from Orleans.Providers.IProvider.	
[2016-01-07 06:17:08.785 GMT     4	INFO   	100000	AssemblyLoader.Client	]	User assembly ignored: C:\R5Enterprise\ProvingGround\ProvingGroundTcpHostService\Harvester.Integration.TraceListener.dll
	* Assembly contains no types assignable from Orleans.Providers.IProvider.	
[2016-01-07 06:17:08.816 GMT     4	INFO   	100000	AssemblyLoader.Client	]	User assembly ignored: C:\R5Enterprise\ProvingGround\ProvingGroundTcpHostService\Helios.dll
	* Assembly contains no types assignable from Orleans.Providers.IProvider.	
[2016-01-07 06:17:08.832 GMT     4	INFO   	100000	AssemblyLoader.Client	]	User assembly ignored: C:\R5Enterprise\ProvingGround\ProvingGroundTcpHostService\Helios.NET40.dll
	* Assembly contains no types assignable from Orleans.Providers.IProvider.	
[2016-01-07 06:17:08.878 GMT     4	INFO   	100000	AssemblyLoader.Client	]	User assembly ignored: C:\R5Enterprise\ProvingGround\ProvingGroundTcpHostService\Microsoft.Azure.SqlDatabase.ElasticScale.Client.dll
	* Assembly contains no types assignable from Orleans.Providers.IProvider.	
[2016-01-07 06:17:09.457 GMT     4	INFO   	100000	AssemblyLoader.Client	]	User assembly ignored: C:\R5Enterprise\ProvingGround\ProvingGroundTcpHostService\Microsoft.CodeAnalysis.CSharp.dll
	* Assembly contains no types assignable from Orleans.Providers.IProvider.	
[2016-01-07 06:17:09.738 GMT     4	INFO   	100000	AssemblyLoader.Client	]	User assembly ignored: C:\R5Enterprise\ProvingGround\ProvingGroundTcpHostService\Microsoft.CodeAnalysis.dll
	* Assembly contains no types assignable from Orleans.Providers.IProvider.	
[2016-01-07 06:17:09.800 GMT     4	INFO   	100000	AssemblyLoader.Client	]	User assembly ignored: C:\R5Enterprise\ProvingGround\ProvingGroundTcpHostService\Microsoft.Data.Edm.dll
	* Assembly contains no types assignable from Orleans.Providers.IProvider.	
[2016-01-07 06:17:09.847 GMT     4	INFO   	100000	AssemblyLoader.Client	]	User assembly ignored: C:\R5Enterprise\ProvingGround\ProvingGroundTcpHostService\Microsoft.Data.OData.dll
	* Assembly contains no types assignable from Orleans.Providers.IProvider.	
[2016-01-07 06:17:09.894 GMT     4	INFO   	100000	AssemblyLoader.Client	]	User assembly ignored: C:\R5Enterprise\ProvingGround\ProvingGroundTcpHostService\Microsoft.Data.Services.Client.dll
	* Assembly contains no types assignable from Orleans.Providers.IProvider.	
[2016-01-07 06:17:09.894 GMT     4	INFO   	100000	AssemblyLoader.Client	]	User assembly ignored: C:\R5Enterprise\ProvingGround\ProvingGroundTcpHostService\Microsoft.Practices.EnterpriseLibrary.TransientFaultHandling.dll
	* Assembly contains no types assignable from Orleans.Providers.IProvider.	
[2016-01-07 06:17:09.894 GMT     4	INFO   	100000	AssemblyLoader.Client	]	User assembly ignored: C:\R5Enterprise\ProvingGround\ProvingGroundTcpHostService\Microsoft.WindowsAzure.Configuration.dll
	* Assembly contains no types assignable from Orleans.Providers.IProvider.	
[2016-01-07 06:17:09.972 GMT     4	INFO   	100000	AssemblyLoader.Client	]	User assembly ignored: C:\R5Enterprise\ProvingGround\ProvingGroundTcpHostService\Microsoft.WindowsAzure.Storage.dll
	* Assembly contains no types assignable from Orleans.Providers.IProvider.	
[2016-01-07 06:17:10.363 GMT     4	INFO   	100000	AssemblyLoader.Client	]	User assembly ignored: C:\R5Enterprise\ProvingGround\ProvingGroundTcpHostService\Nest.dll
	* Assembly contains no types assignable from Orleans.Providers.IProvider.	
[2016-01-07 06:17:10.410 GMT     4	INFO   	100000	AssemblyLoader.Client	]	User assembly ignored: C:\R5Enterprise\ProvingGround\ProvingGroundTcpHostService\Newtonsoft.Json.dll
	* Assembly contains no types assignable from Orleans.Providers.IProvider.	
[2016-01-07 06:17:10.410 GMT     4	INFO   	100000	AssemblyLoader.Client	]	User assembly ignored: C:\R5Enterprise\ProvingGround\ProvingGroundTcpHostService\Orleans.dll
	* Assembly filename is excluded.	
[2016-01-07 06:17:10.410 GMT     4	INFO   	100000	AssemblyLoader.Client	]	User assembly ignored: C:\R5Enterprise\ProvingGround\ProvingGroundTcpHostService\OrleansCodeGenerator.dll
	* Assembly contains no types assignable from Orleans.Providers.IProvider.	
[2016-01-07 06:17:10.457 GMT     4	INFO   	100000	AssemblyLoader.Client	]	User assembly ignored: C:\R5Enterprise\ProvingGround\ProvingGroundTcpHostService\ProvingGroundActorDirect.dll
	* Assembly contains no types assignable from Orleans.Providers.IProvider.	
[2016-01-07 06:17:10.457 GMT     4	INFO   	100000	AssemblyLoader.Client	]	User assembly ignored: C:\R5Enterprise\ProvingGround\ProvingGroundTcpHostService\ProvingGroundBrcMessages.dll
	* Assembly contains no types assignable from Orleans.Providers.IProvider.	
[2016-01-07 06:17:10.457 GMT     4	INFO   	100000	AssemblyLoader.Client	]	User assembly ignored: C:\R5Enterprise\ProvingGround\ProvingGroundTcpHostService\ProvingGroundQueueMessages.dll
	* Assembly contains no types assignable from Orleans.Providers.IProvider.	
[2016-01-07 06:17:10.457 GMT     4	INFO   	100000	AssemblyLoader.Client	]	User assembly ignored: C:\R5Enterprise\ProvingGround\ProvingGroundTcpHostService\ProvingGroundTcpServer.dll
	* Assembly contains no types assignable from Orleans.Providers.IProvider.	
[2016-01-07 06:17:10.472 GMT     4	INFO   	100000	AssemblyLoader.Client	]	User assembly ignored: C:\R5Enterprise\ProvingGround\ProvingGroundTcpHostService\ProvingGroundTcpServerToActor.dll
	* Assembly contains no types assignable from Orleans.Providers.IProvider.	
[2016-01-07 06:17:10.472 GMT     4	INFO   	100000	AssemblyLoader.Client	]	User assembly ignored: C:\R5Enterprise\ProvingGround\ProvingGroundTcpHostService\R5Ent.ProvingGroundGrainInterface.dll
	* Assembly contains no types assignable from Orleans.Providers.IProvider.	
[2016-01-07 06:17:10.472 GMT     4	INFO   	100000	AssemblyLoader.Client	]	User assembly ignored: C:\R5Enterprise\ProvingGround\ProvingGroundTcpHostService\Rauland.R5TraceListeners.dll
	* Assembly contains no types assignable from Orleans.Providers.IProvider.	
[2016-01-07 06:17:10.519 GMT     4	INFO   	100000	AssemblyLoader.Client	]	User assembly ignored: C:\R5Enterprise\ProvingGround\ProvingGroundTcpHostService\System.Collections.Immutable.dll
	* Assembly contains no types assignable from Orleans.Providers.IProvider.	
[2016-01-07 06:17:10.566 GMT     4	INFO   	100000	AssemblyLoader.Client	]	User assembly ignored: C:\R5Enterprise\ProvingGround\ProvingGroundTcpHostService\System.Reflection.Metadata.dll
	* Assembly contains no types assignable from Orleans.Providers.IProvider.	
[2016-01-07 06:17:10.582 GMT     4	INFO   	100000	AssemblyLoader.Client	]	User assembly ignored: C:\R5Enterprise\ProvingGround\ProvingGroundTcpHostService\System.Spatial.dll
	* Assembly contains no types assignable from Orleans.Providers.IProvider.	
[2016-01-07 06:17:10.597 GMT     4	INFO   	100000	AssemblyLoader.Client	]	User assembly ignored: C:\R5Enterprise\ProvingGround\ProvingGroundTcpHostService\System.Threading.Tasks.Dataflow.dll
	* Assembly contains no types assignable from Orleans.Providers.IProvider.	
[2016-01-07 06:17:10.629 GMT     4	INFO   	100000	AssemblyLoader.Client	]	User assembly ignored: C:\R5Enterprise\ProvingGround\ProvingGroundTcpHostService\Topshelf.dll
	* Assembly contains no types assignable from Orleans.Providers.IProvider.	
[2016-01-07 06:17:10.629 GMT     4	INFO   	100000	AssemblyLoader.Client	]	User assembly ignored: C:\R5Enterprise\ProvingGround\ProvingGroundTcpHostService\de\Microsoft.Data.Edm.resources.dll
	* Assembly filename indicates that it is a resource assembly.	
[2016-01-07 06:17:10.644 GMT     4	INFO   	100000	AssemblyLoader.Client	]	User assembly ignored: C:\R5Enterprise\ProvingGround\ProvingGroundTcpHostService\de\Microsoft.Data.OData.resources.dll
	* Assembly filename indicates that it is a resource assembly.	
[2016-01-07 06:17:10.644 GMT     4	INFO   	100000	AssemblyLoader.Client	]	User assembly ignored: C:\R5Enterprise\ProvingGround\ProvingGroundTcpHostService\de\Microsoft.Data.Services.Client.resources.dll
	* Assembly filename indicates that it is a resource assembly.	
[2016-01-07 06:17:10.644 GMT     4	INFO   	100000	AssemblyLoader.Client	]	User assembly ignored: C:\R5Enterprise\ProvingGround\ProvingGroundTcpHostService\de\System.Spatial.resources.dll
	* Assembly filename indicates that it is a resource assembly.	
[2016-01-07 06:17:10.644 GMT     4	INFO   	100000	AssemblyLoader.Client	]	User assembly ignored: C:\R5Enterprise\ProvingGround\ProvingGroundTcpHostService\es\Microsoft.Data.Edm.resources.dll
	* Assembly filename indicates that it is a resource assembly.	
[2016-01-07 06:17:10.644 GMT     4	INFO   	100000	AssemblyLoader.Client	]	User assembly ignored: C:\R5Enterprise\ProvingGround\ProvingGroundTcpHostService\es\Microsoft.Data.OData.resources.dll
	* Assembly filename indicates that it is a resource assembly.	
[2016-01-07 06:17:10.660 GMT     4	INFO   	100000	AssemblyLoader.Client	]	User assembly ignored: C:\R5Enterprise\ProvingGround\ProvingGroundTcpHostService\es\Microsoft.Data.Services.Client.resources.dll
	* Assembly filename indicates that it is a resource assembly.	
[2016-01-07 06:17:10.660 GMT     4	INFO   	100000	AssemblyLoader.Client	]	User assembly ignored: C:\R5Enterprise\ProvingGround\ProvingGroundTcpHostService\es\System.Spatial.resources.dll
	* Assembly filename indicates that it is a resource assembly.	
[2016-01-07 06:17:10.660 GMT     4	INFO   	100000	AssemblyLoader.Client	]	User assembly ignored: C:\R5Enterprise\ProvingGround\ProvingGroundTcpHostService\fr\Microsoft.Data.Edm.resources.dll
	* Assembly filename indicates that it is a resource assembly.	
[2016-01-07 06:17:10.660 GMT     4	INFO   	100000	AssemblyLoader.Client	]	User assembly ignored: C:\R5Enterprise\ProvingGround\ProvingGroundTcpHostService\fr\Microsoft.Data.OData.resources.dll
	* Assembly filename indicates that it is a resource assembly.	
[2016-01-07 06:17:10.660 GMT     4	INFO   	100000	AssemblyLoader.Client	]	User assembly ignored: C:\R5Enterprise\ProvingGround\ProvingGroundTcpHostService\fr\Microsoft.Data.Services.Client.resources.dll
	* Assembly filename indicates that it is a resource assembly.	
[2016-01-07 06:17:10.660 GMT     4	INFO   	100000	AssemblyLoader.Client	]	User assembly ignored: C:\R5Enterprise\ProvingGround\ProvingGroundTcpHostService\fr\System.Spatial.resources.dll
	* Assembly filename indicates that it is a resource assembly.	
[2016-01-07 06:17:10.660 GMT     4	INFO   	100000	AssemblyLoader.Client	]	User assembly ignored: C:\R5Enterprise\ProvingGround\ProvingGroundTcpHostService\it\Microsoft.Data.Edm.resources.dll
	* Assembly filename indicates that it is a resource assembly.	
[2016-01-07 06:17:10.660 GMT     4	INFO   	100000	AssemblyLoader.Client	]	User assembly ignored: C:\R5Enterprise\ProvingGround\ProvingGroundTcpHostService\it\Microsoft.Data.OData.resources.dll
	* Assembly filename indicates that it is a resource assembly.	
[2016-01-07 06:17:10.660 GMT     4	INFO   	100000	AssemblyLoader.Client	]	User assembly ignored: C:\R5Enterprise\ProvingGround\ProvingGroundTcpHostService\it\Microsoft.Data.Services.Client.resources.dll
	* Assembly filename indicates that it is a resource assembly.	
[2016-01-07 06:17:10.675 GMT     4	INFO   	100000	AssemblyLoader.Client	]	User assembly ignored: C:\R5Enterprise\ProvingGround\ProvingGroundTcpHostService\it\System.Spatial.resources.dll
	* Assembly filename indicates that it is a resource assembly.	
[2016-01-07 06:17:10.675 GMT     4	INFO   	100000	AssemblyLoader.Client	]	User assembly ignored: C:\R5Enterprise\ProvingGround\ProvingGroundTcpHostService\ja\Microsoft.Data.Edm.resources.dll
	* Assembly filename indicates that it is a resource assembly.	
[2016-01-07 06:17:10.675 GMT     4	INFO   	100000	AssemblyLoader.Client	]	User assembly ignored: C:\R5Enterprise\ProvingGround\ProvingGroundTcpHostService\ja\Microsoft.Data.OData.resources.dll
	* Assembly filename indicates that it is a resource assembly.	
[2016-01-07 06:17:10.675 GMT     4	INFO   	100000	AssemblyLoader.Client	]	User assembly ignored: C:\R5Enterprise\ProvingGround\ProvingGroundTcpHostService\ja\Microsoft.Data.Services.Client.resources.dll
	* Assembly filename indicates that it is a resource assembly.	
[2016-01-07 06:17:10.675 GMT     4	INFO   	100000	AssemblyLoader.Client	]	User assembly ignored: C:\R5Enterprise\ProvingGround\ProvingGroundTcpHostService\ja\System.Spatial.resources.dll
	* Assembly filename indicates that it is a resource assembly.	
[2016-01-07 06:17:10.675 GMT     4	INFO   	100000	AssemblyLoader.Client	]	User assembly ignored: C:\R5Enterprise\ProvingGround\ProvingGroundTcpHostService\ko\Microsoft.Data.Edm.resources.dll
	* Assembly filename indicates that it is a resource assembly.	
[2016-01-07 06:17:10.691 GMT     4	INFO   	100000	AssemblyLoader.Client	]	User assembly ignored: C:\R5Enterprise\ProvingGround\ProvingGroundTcpHostService\ko\Microsoft.Data.OData.resources.dll
	* Assembly filename indicates that it is a resource assembly.	
[2016-01-07 06:17:10.691 GMT     4	INFO   	100000	AssemblyLoader.Client	]	User assembly ignored: C:\R5Enterprise\ProvingGround\ProvingGroundTcpHostService\ko\Microsoft.Data.Services.Client.resources.dll
	* Assembly filename indicates that it is a resource assembly.	
[2016-01-07 06:17:10.691 GMT     4	INFO   	100000	AssemblyLoader.Client	]	User assembly ignored: C:\R5Enterprise\ProvingGround\ProvingGroundTcpHostService\ko\System.Spatial.resources.dll
	* Assembly filename indicates that it is a resource assembly.	
[2016-01-07 06:17:10.691 GMT     4	INFO   	100000	AssemblyLoader.Client	]	User assembly ignored: C:\R5Enterprise\ProvingGround\ProvingGroundTcpHostService\ru\Microsoft.Data.Edm.resources.dll
	* Assembly filename indicates that it is a resource assembly.	
[2016-01-07 06:17:10.691 GMT     4	INFO   	100000	AssemblyLoader.Client	]	User assembly ignored: C:\R5Enterprise\ProvingGround\ProvingGroundTcpHostService\ru\Microsoft.Data.OData.resources.dll
	* Assembly filename indicates that it is a resource assembly.	
[2016-01-07 06:17:10.691 GMT     4	INFO   	100000	AssemblyLoader.Client	]	User assembly ignored: C:\R5Enterprise\ProvingGround\ProvingGroundTcpHostService\ru\Microsoft.Data.Services.Client.resources.dll
	* Assembly filename indicates that it is a resource assembly.	
[2016-01-07 06:17:10.707 GMT     4	INFO   	100000	AssemblyLoader.Client	]	User assembly ignored: C:\R5Enterprise\ProvingGround\ProvingGroundTcpHostService\ru\System.Spatial.resources.dll
	* Assembly filename indicates that it is a resource assembly.	
[2016-01-07 06:17:10.707 GMT     4	INFO   	100000	AssemblyLoader.Client	]	User assembly ignored: C:\R5Enterprise\ProvingGround\ProvingGroundTcpHostService\zh-Hans\Microsoft.Data.Edm.resources.dll
	* Assembly filename indicates that it is a resource assembly.	
[2016-01-07 06:17:10.707 GMT     4	INFO   	100000	AssemblyLoader.Client	]	User assembly ignored: C:\R5Enterprise\ProvingGround\ProvingGroundTcpHostService\zh-Hans\Microsoft.Data.OData.resources.dll
	* Assembly filename indicates that it is a resource assembly.	
[2016-01-07 06:17:10.707 GMT     4	INFO   	100000	AssemblyLoader.Client	]	User assembly ignored: C:\R5Enterprise\ProvingGround\ProvingGroundTcpHostService\zh-Hans\Microsoft.Data.Services.Client.resources.dll
	* Assembly filename indicates that it is a resource assembly.	
[2016-01-07 06:17:10.707 GMT     4	INFO   	100000	AssemblyLoader.Client	]	User assembly ignored: C:\R5Enterprise\ProvingGround\ProvingGroundTcpHostService\zh-Hans\System.Spatial.resources.dll
	* Assembly filename indicates that it is a resource assembly.	
[2016-01-07 06:17:10.722 GMT     4	INFO   	100000	AssemblyLoader.Client	]	User assembly ignored: C:\R5Enterprise\ProvingGround\ProvingGroundTcpHostService\zh-Hant\Microsoft.Data.Edm.resources.dll
	* Assembly filename indicates that it is a resource assembly.	
[2016-01-07 06:17:10.722 GMT     4	INFO   	100000	AssemblyLoader.Client	]	User assembly ignored: C:\R5Enterprise\ProvingGround\ProvingGroundTcpHostService\zh-Hant\Microsoft.Data.OData.resources.dll
	* Assembly filename indicates that it is a resource assembly.	
[2016-01-07 06:17:10.722 GMT     4	INFO   	100000	AssemblyLoader.Client	]	User assembly ignored: C:\R5Enterprise\ProvingGround\ProvingGroundTcpHostService\zh-Hant\Microsoft.Data.Services.Client.resources.dll
	* Assembly filename indicates that it is a resource assembly.	
[2016-01-07 06:17:10.722 GMT     4	INFO   	100000	AssemblyLoader.Client	]	User assembly ignored: C:\R5Enterprise\ProvingGround\ProvingGroundTcpHostService\zh-Hant\System.Spatial.resources.dll
	* Assembly filename indicates that it is a resource assembly.	
[2016-01-07 06:17:10.738 GMT     4	INFO   	100000	AssemblyLoader.Client	]	User assembly ignored: C:\R5Enterprise\ProvingGround\ProvingGroundTcpHostService\_PublishedApplications\ProvingGroundTcpHostService\ElasticSearch.Diagnostics.dll
	* A conflicting assembly has already been loaded from C:\R5Enterprise\ProvingGround\ProvingGroundTcpHostService\ElasticSearch.Diagnostics.dll.	
[2016-01-07 06:17:10.738 GMT     4	INFO   	100000	AssemblyLoader.Client	]	User assembly ignored: C:\R5Enterprise\ProvingGround\ProvingGroundTcpHostService\_PublishedApplications\ProvingGroundTcpHostService\Elasticsearch.Net.dll
	* A conflicting assembly has already been loaded from C:\R5Enterprise\ProvingGround\ProvingGroundTcpHostService\Elasticsearch.Net.dll.	
[2016-01-07 06:17:10.754 GMT     4	INFO   	100000	AssemblyLoader.Client	]	User assembly ignored: C:\R5Enterprise\ProvingGround\ProvingGroundTcpHostService\_PublishedApplications\ProvingGroundTcpHostService\Essential.Diagnostics.dll
	* A conflicting assembly has already been loaded from C:\R5Enterprise\ProvingGround\ProvingGroundTcpHostService\Essential.Diagnostics.dll.	
[2016-01-07 06:17:10.785 GMT     4	INFO   	100000	AssemblyLoader.Client	]	User assembly ignored: C:\R5Enterprise\ProvingGround\ProvingGroundTcpHostService\_PublishedApplications\ProvingGroundTcpHostService\Harvester.Core.dll
	* A conflicting assembly has already been loaded from C:\R5Enterprise\ProvingGround\ProvingGroundTcpHostService\Harvester.Core.dll.	
[2016-01-07 06:17:10.785 GMT     4	INFO   	100000	AssemblyLoader.Client	]	User assembly ignored: C:\R5Enterprise\ProvingGround\ProvingGroundTcpHostService\_PublishedApplications\ProvingGroundTcpHostService\Harvester.Integration.TraceListener.dll
	* A conflicting assembly has already been loaded from C:\R5Enterprise\ProvingGround\ProvingGroundTcpHostService\Harvester.Integration.TraceListener.dll.	
[2016-01-07 06:17:10.800 GMT     4	INFO   	100000	AssemblyLoader.Client	]	User assembly ignored: C:\R5Enterprise\ProvingGround\ProvingGroundTcpHostService\_PublishedApplications\ProvingGroundTcpHostService\Helios.dll
	* A conflicting assembly has already been loaded from C:\R5Enterprise\ProvingGround\ProvingGroundTcpHostService\Helios.dll.	
[2016-01-07 06:17:10.800 GMT     4	INFO   	100000	AssemblyLoader.Client	]	User assembly ignored: C:\R5Enterprise\ProvingGround\ProvingGroundTcpHostService\_PublishedApplications\ProvingGroundTcpHostService\Microsoft.Azure.SqlDatabase.ElasticScale.Client.dll
	* A conflicting assembly has already been loaded from C:\R5Enterprise\ProvingGround\ProvingGroundTcpHostService\Microsoft.Azure.SqlDatabase.ElasticScale.Client.dll.	
[2016-01-07 06:17:10.816 GMT     4	INFO   	100000	AssemblyLoader.Client	]	User assembly ignored: C:\R5Enterprise\ProvingGround\ProvingGroundTcpHostService\_PublishedApplications\ProvingGroundTcpHostService\Microsoft.CodeAnalysis.CSharp.dll
	* A conflicting assembly has already been loaded from C:\R5Enterprise\ProvingGround\ProvingGroundTcpHostService\Microsoft.CodeAnalysis.CSharp.dll.	
[2016-01-07 06:17:10.816 GMT     4	INFO   	100000	AssemblyLoader.Client	]	User assembly ignored: C:\R5Enterprise\ProvingGround\ProvingGroundTcpHostService\_PublishedApplications\ProvingGroundTcpHostService\Microsoft.CodeAnalysis.dll
	* A conflicting assembly has already been loaded from C:\R5Enterprise\ProvingGround\ProvingGroundTcpHostService\Microsoft.CodeAnalysis.dll.	
[2016-01-07 06:17:10.832 GMT     4	INFO   	100000	AssemblyLoader.Client	]	User assembly ignored: C:\R5Enterprise\ProvingGround\ProvingGroundTcpHostService\_PublishedApplications\ProvingGroundTcpHostService\Microsoft.Practices.EnterpriseLibrary.TransientFaultHandling.dll
	* A conflicting assembly has already been loaded from C:\R5Enterprise\ProvingGround\ProvingGroundTcpHostService\Microsoft.Practices.EnterpriseLibrary.TransientFaultHandling.dll.	
[2016-01-07 06:17:10.847 GMT     4	INFO   	100000	AssemblyLoader.Client	]	User assembly ignored: C:\R5Enterprise\ProvingGround\ProvingGroundTcpHostService\_PublishedApplications\ProvingGroundTcpHostService\Nest.dll
	* A conflicting assembly has already been loaded from C:\R5Enterprise\ProvingGround\ProvingGroundTcpHostService\Nest.dll.	
[2016-01-07 06:17:10.847 GMT     4	INFO   	100000	AssemblyLoader.Client	]	User assembly ignored: C:\R5Enterprise\ProvingGround\ProvingGroundTcpHostService\_PublishedApplications\ProvingGroundTcpHostService\Newtonsoft.Json.dll
	* A conflicting assembly has already been loaded from C:\R5Enterprise\ProvingGround\ProvingGroundTcpHostService\Newtonsoft.Json.dll.	
[2016-01-07 06:17:10.847 GMT     4	INFO   	100000	AssemblyLoader.Client	]	User assembly ignored: C:\R5Enterprise\ProvingGround\ProvingGroundTcpHostService\_PublishedApplications\ProvingGroundTcpHostService\Orleans.dll
	* Assembly filename is excluded.	
[2016-01-07 06:17:10.847 GMT     4	INFO   	100000	AssemblyLoader.Client	]	User assembly ignored: C:\R5Enterprise\ProvingGround\ProvingGroundTcpHostService\_PublishedApplications\ProvingGroundTcpHostService\OrleansCodeGenerator.dll
	* A conflicting assembly has already been loaded from C:\R5Enterprise\ProvingGround\ProvingGroundTcpHostService\OrleansCodeGenerator.dll.	
[2016-01-07 06:17:10.863 GMT     4	INFO   	100000	AssemblyLoader.Client	]	User assembly ignored: C:\R5Enterprise\ProvingGround\ProvingGroundTcpHostService\_PublishedApplications\ProvingGroundTcpHostService\OrleansProviders.dll
	* A conflicting assembly has already been loaded from C:\R5Enterprise\ProvingGround\ProvingGroundTcpHostService\OrleansProviders.dll.	
[2016-01-07 06:17:10.879 GMT     4	INFO   	100000	AssemblyLoader.Client	]	User assembly ignored: C:\R5Enterprise\ProvingGround\ProvingGroundTcpHostService\_PublishedApplications\ProvingGroundTcpHostService\OrleansSQLUtils.dll
	* A conflicting assembly has already been loaded from C:\R5Enterprise\ProvingGround\ProvingGroundTcpHostService\OrleansSQLUtils.dll.	
[2016-01-07 06:17:10.879 GMT     4	INFO   	100000	AssemblyLoader.Client	]	User assembly ignored: C:\R5Enterprise\ProvingGround\ProvingGroundTcpHostService\_PublishedApplications\ProvingGroundTcpHostService\ProvingGroundActorDirect.dll
	* A conflicting assembly has already been loaded from C:\R5Enterprise\ProvingGround\ProvingGroundTcpHostService\ProvingGroundActorDirect.dll.	
[2016-01-07 06:17:10.879 GMT     4	INFO   	100000	AssemblyLoader.Client	]	User assembly ignored: C:\R5Enterprise\ProvingGround\ProvingGroundTcpHostService\_PublishedApplications\ProvingGroundTcpHostService\ProvingGroundBrcMessages.dll
	* A conflicting assembly has already been loaded from C:\R5Enterprise\ProvingGround\ProvingGroundTcpHostService\ProvingGroundBrcMessages.dll.	
[2016-01-07 06:17:10.894 GMT     4	INFO   	100000	AssemblyLoader.Client	]	User assembly ignored: C:\R5Enterprise\ProvingGround\ProvingGroundTcpHostService\_PublishedApplications\ProvingGroundTcpHostService\ProvingGroundQueueMessages.dll
	* A conflicting assembly has already been loaded from C:\R5Enterprise\ProvingGround\ProvingGroundTcpHostService\ProvingGroundQueueMessages.dll.	
[2016-01-07 06:17:10.894 GMT     4	INFO   	100000	AssemblyLoader.Client	]	User assembly ignored: C:\R5Enterprise\ProvingGround\ProvingGroundTcpHostService\_PublishedApplications\ProvingGroundTcpHostService\ProvingGroundTcpServer.dll
	* A conflicting assembly has already been loaded from C:\R5Enterprise\ProvingGround\ProvingGroundTcpHostService\ProvingGroundTcpServer.dll.	
[2016-01-07 06:17:10.894 GMT     4	INFO   	100000	AssemblyLoader.Client	]	User assembly ignored: C:\R5Enterprise\ProvingGround\ProvingGroundTcpHostService\_PublishedApplications\ProvingGroundTcpHostService\ProvingGroundTcpServerToActor.dll
	* A conflicting assembly has already been loaded from C:\R5Enterprise\ProvingGround\ProvingGroundTcpHostService\ProvingGroundTcpServerToActor.dll.	
[2016-01-07 06:17:10.988 GMT     4	INFO   	100000	AssemblyLoader.Client	]	User assembly ignored: C:\R5Enterprise\ProvingGround\ProvingGroundTcpHostService\_PublishedApplications\ProvingGroundTcpHostService\R5Ent.ProvingGroundGrainInterface.dll
	* A conflicting assembly has already been loaded from C:\R5Enterprise\ProvingGround\ProvingGroundTcpHostService\R5Ent.ProvingGroundGrainInterface.dll.	
[2016-01-07 06:17:11.004 GMT     4	INFO   	100000	AssemblyLoader.Client	]	User assembly ignored: C:\R5Enterprise\ProvingGround\ProvingGroundTcpHostService\_PublishedApplications\ProvingGroundTcpHostService\Rauland.R5TraceListeners.dll
	* A conflicting assembly has already been loaded from C:\R5Enterprise\ProvingGround\ProvingGroundTcpHostService\Rauland.R5TraceListeners.dll.	
[2016-01-07 06:17:11.019 GMT     4	INFO   	100000	AssemblyLoader.Client	]	User assembly ignored: C:\R5Enterprise\ProvingGround\ProvingGroundTcpHostService\_PublishedApplications\ProvingGroundTcpHostService\System.Collections.Immutable.dll
	* A conflicting assembly has already been loaded from C:\R5Enterprise\ProvingGround\ProvingGroundTcpHostService\System.Collections.Immutable.dll.	
[2016-01-07 06:17:11.019 GMT     4	INFO   	100000	AssemblyLoader.Client	]	User assembly ignored: C:\R5Enterprise\ProvingGround\ProvingGroundTcpHostService\_PublishedApplications\ProvingGroundTcpHostService\System.Reflection.Metadata.dll
	* A conflicting assembly has already been loaded from C:\R5Enterprise\ProvingGround\ProvingGroundTcpHostService\System.Reflection.Metadata.dll.	
[2016-01-07 06:17:11.035 GMT     4	INFO   	100000	AssemblyLoader.Client	]	User assembly ignored: C:\R5Enterprise\ProvingGround\ProvingGroundTcpHostService\_PublishedApplications\ProvingGroundTcpHostService\System.Threading.Tasks.Dataflow.dll
	* A conflicting assembly has already been loaded from C:\R5Enterprise\ProvingGround\ProvingGroundTcpHostService\System.Threading.Tasks.Dataflow.dll.	
[2016-01-07 06:17:11.035 GMT     4	INFO   	100000	AssemblyLoader.Client	]	User assembly ignored: C:\R5Enterprise\ProvingGround\ProvingGroundTcpHostService\_PublishedApplications\ProvingGroundTcpHostService\Topshelf.dll
	* A conflicting assembly has already been loaded from C:\R5Enterprise\ProvingGround\ProvingGroundTcpHostService\Topshelf.dll.	
[2016-01-07 06:17:11.050 GMT     4	INFO   	100000	AssemblyLoader.Client	]	Loading assembly C:\R5Enterprise\ProvingGround\ProvingGroundTcpHostService\OrleansProviders.dll...	
[2016-01-07 06:17:11.066 GMT     4	INFO   	100000	AssemblyLoader.Client	]	Loading assembly C:\R5Enterprise\ProvingGround\ProvingGroundTcpHostService\OrleansSQLUtils.dll...	
[2016-01-07 06:17:11.175 GMT     4	INFO   	100000	AssemblyLoader.Client	]	2 assemblies loaded.	
[2016-01-07 06:17:11.332 GMT     4	INFO   	100313	OutsideRuntimeClient	]	---------- Initializing OutsideRuntimeClient on Stripes02 at 172.18.124.92 Client Id = *cli/b39d2886 ----------	
[2016-01-07 06:17:11.379 GMT     4	INFO   	100314	OutsideRuntimeClient	]	---------- Starting OutsideRuntimeClient with runtime Version='1.1.0.0 (Release).' Config= 
 Platform version info:
   .NET version: 4.0.30319.34209
   Is .NET 4.5=True
   OS version: Microsoft Windows NT 6.2.9200.0
   GC Type=Client GCLatencyMode=Interactive
   Host: Stripes02
   Processor Count: 2
Client Configuration:
   Config File Name: C:\R5Enterprise\ProvingGround\ProvingGroundTcpHostService\ClientConfiguration.xml
   Start time: 2016-01-07 06:17:11.347 GMT
   Gateway Provider: SqlServer
   Gateways: Unspecified
   Preferred Gateway Index: -1
   GatewayListRefreshPeriod: 00:01:00
   Azure:
      DeploymentId: R5Ent-v1.0
      DataConnectionString: Server=Stripes01;Database=Orleans;User ID=orleans;Password=<--SNIP-->
   Preferred Address Family: InterNetwork
   DNS Host Name: Stripes02
   Client Name: Client
   Tracing: 
     Default Trace Level: Info
     TraceLevelOverrides:
         Runtime ==> Info
         Grain ==> Info
         Application ==> Info
         Provider ==> Info
     Trace to Console: True
     Trace File Name: C:\R5Enterprise\ProvingGround\ProvingGroundTcpHostService\Client-2016-01-07-06.16.54.144Z.log
     Write Messaging Traces: False
     LargeMessageWarningThreshold: 85000
     PropagateActivityId: False
     BulkMessageLimit: 5
   Statistics: 
     MetricsTableWriteInterval: 00:00:30
     PerfCounterWriteInterval: -00:00:00.0010000
     LogWriteInterval: 00:05:00
     WriteLogStatisticsToTable: True
     StatisticsCollectionLevel: Info
   Messaging:
       Response timeout: 00:00:30
       Maximum resend count: 0
       Resend On Timeout: False
       Maximum Socket Age: 10675199.02:48:05.4775807
       Drop Expired Messages: True
       Client Sender Buckets: 8192
       Use standard (.NET) serializer: False   [NOTE: This *MUST* match the setting on the server or nothing will work!]
       Use fallback json serializer: False   [NOTE: This *MUST* match the setting on the server or nothing will work!]
       Buffer Pool Buffer Size: 4096
       Buffer Pool Max Size: 10000
       Buffer Pool Preallocation Size: 250
       Use Message Batching: False
       Max Message Batching Size: 10
   Providers:
       No providers configured.
	
[2016-01-07 06:17:11.754 GMT     4	INFO   	101309	Messaging.GatewayManager	]	Found 3 knownGateways from Gateway listProvider [gwy.tcp://172.18.124.91:30000/189842048, gwy.tcp://172.18.124.92:30000/189842224, gwy.tcp://172.18.124.93:30000/189842382]	
[2016-01-07 06:17:13.926 GMT     4	INFO   	100908	Messaging.GatewayConnection/GatewayClientSender_gwy.tcp://172.18.124.91:30000/189842048	172.18.124.92:0]	Connected to gateway at address gwy.tcp://172.18.124.91:30000/189842048 on trial 0.	
[2016-01-07 06:17:13.957 GMT    18	INFO   	100000	Messaging.GatewayClientReceiver/gwy.tcp://172.18.124.91:30000/189842048	172.18.124.92:0]	Starting AsyncAgent Messaging.GatewayClientReceiver/gwy.tcp://172.18.124.91:30000/189842048 on managed thread 18	
[2016-01-07 06:17:13.957 GMT    16	INFO   	100000	Messaging.GatewayConnection/GatewayClientSender_gwy.tcp://172.18.124.91:30000/189842048	172.18.124.92:0]	Starting AsyncAgent Messaging.GatewayConnection/GatewayClientSender_gwy.tcp://172.18.124.91:30000/189842048 on managed thread 16	
[2016-01-07 06:17:14.285 GMT     4	INFO   	100908	Messaging.GatewayConnection/GatewayClientSender_gwy.tcp://172.18.124.92:30000/189842224	172.18.124.92:0]	Connected to gateway at address gwy.tcp://172.18.124.92:30000/189842224 on trial 0.	
[2016-01-07 06:17:14.316 GMT    20	INFO   	100000	Messaging.GatewayClientReceiver/gwy.tcp://172.18.124.92:30000/189842224	172.18.124.92:0]	Starting AsyncAgent Messaging.GatewayClientReceiver/gwy.tcp://172.18.124.92:30000/189842224 on managed thread 20	
[2016-01-07 06:17:14.332 GMT    19	INFO   	100000	Messaging.GatewayConnection/GatewayClientSender_gwy.tcp://172.18.124.92:30000/189842224	172.18.124.92:0]	Starting AsyncAgent Messaging.GatewayConnection/GatewayClientSender_gwy.tcp://172.18.124.92:30000/189842224 on managed thread 19	
[2016-01-07 06:17:14.347 GMT     4	INFO   	100929	OutsideRuntimeClient	172.18.124.92:0]	---------- Started OutsideRuntimeClient with Global Client ID: C172.18.124.92:0:-189843431*cli/b39d2886@4a6538ba, client GUID ID: *cli/b39d2886	
[2016-01-07 06:17:37.380 GMT    15	INFO   	100908	Messaging.GatewayConnection/GatewayClientSender_gwy.tcp://172.18.124.93:30000/189842382	172.18.124.92:0]	Connected to gateway at address gwy.tcp://172.18.124.93:30000/189842382 on trial 0.	
[2016-01-07 06:17:37.380 GMT    23	INFO   	100000	Messaging.GatewayClientReceiver/gwy.tcp://172.18.124.93:30000/189842382	172.18.124.92:0]	Starting AsyncAgent Messaging.GatewayClientReceiver/gwy.tcp://172.18.124.93:30000/189842382 on managed thread 23	
[2016-01-07 06:17:37.380 GMT    22	INFO   	100000	Messaging.GatewayConnection/GatewayClientSender_gwy.tcp://172.18.124.93:30000/189842382	172.18.124.92:0]	Starting AsyncAgent Messaging.GatewayConnection/GatewayClientSender_gwy.tcp://172.18.124.93:30000/189842382 on managed thread 22	
[2016-01-07 06:18:11.787 GMT     6	INFO   	101309	Messaging.GatewayManager	172.18.124.92:0]	Refreshed the live GateWay list. Found 3 gateways from Gateway listProvider: [gwy.tcp://172.18.124.91:30000/189842048, gwy.tcp://172.18.124.92:30000/189842224, gwy.tcp://172.18.124.93:30000/189842382]. Picked only known live out of them. Now has 3 live Gateways: [gwy.tcp://172.18.124.91:30000/189842048, gwy.tcp://172.18.124.92:30000/189842224, gwy.tcp://172.18.124.93:30000/189842382]. Previous refresh time was = 1/7/2016 6:17:11 AM	
