[2016-01-07 06:14:13.771 GMT     5	INFO   	100000	AssemblyLoader.Client	]	Recursively searching for assemblies in C:\R5Enterprise\ProvingGround\ProvingGroundTcpHostService...	
[2016-01-07 06:14:17.439 GMT     5	INFO   	100000	AssemblyLoader.Client	]	User assembly ignored: C:\R5Enterprise\ProvingGround\ProvingGroundTcpHostService\AutoMapper.dll
	* Assembly contains no types assignable from Orleans.Providers.IProvider.	
[2016-01-07 06:14:17.448 GMT     5	INFO   	100000	AssemblyLoader.Client	]	User assembly ignored: C:\R5Enterprise\ProvingGround\ProvingGroundTcpHostService\ElasticSearch.Diagnostics.dll
	* Assembly contains no types assignable from Orleans.Providers.IProvider.	
[2016-01-07 06:14:17.551 GMT     5	INFO   	100000	AssemblyLoader.Client	]	User assembly ignored: C:\R5Enterprise\ProvingGround\ProvingGroundTcpHostService\Elasticsearch.Net.dll
	* Assembly contains no types assignable from Orleans.Providers.IProvider.	
[2016-01-07 06:14:17.556 GMT     5	INFO   	100000	AssemblyLoader.Client	]	User assembly ignored: C:\R5Enterprise\ProvingGround\ProvingGroundTcpHostService\Essential.Diagnostics.dll
	* Assembly contains no types assignable from Orleans.Providers.IProvider.	
[2016-01-07 06:14:17.567 GMT     5	INFO   	100000	AssemblyLoader.Client	]	User assembly ignored: C:\R5Enterprise\ProvingGround\ProvingGroundTcpHostService\Harvester.Core.dll
	* Assembly contains no types assignable from Orleans.Providers.IProvider.	
[2016-01-07 06:14:17.568 GMT     5	INFO   	100000	AssemblyLoader.Client	]	User assembly ignored: C:\R5Enterprise\ProvingGround\ProvingGroundTcpHostService\Harvester.Integration.TraceListener.dll
	* Assembly contains no types assignable from Orleans.Providers.IProvider.	
[2016-01-07 06:14:17.587 GMT     5	INFO   	100000	AssemblyLoader.Client	]	User assembly ignored: C:\R5Enterprise\ProvingGround\ProvingGroundTcpHostService\Helios.dll
	* Assembly contains no types assignable from Orleans.Providers.IProvider.	
[2016-01-07 06:14:17.594 GMT     5	INFO   	100000	AssemblyLoader.Client	]	User assembly ignored: C:\R5Enterprise\ProvingGround\ProvingGroundTcpHostService\Helios.NET40.dll
	* Assembly contains no types assignable from Orleans.Providers.IProvider.	
[2016-01-07 06:14:17.612 GMT     5	INFO   	100000	AssemblyLoader.Client	]	User assembly ignored: C:\R5Enterprise\ProvingGround\ProvingGroundTcpHostService\Microsoft.Azure.SqlDatabase.ElasticScale.Client.dll
	* Assembly contains no types assignable from Orleans.Providers.IProvider.	
[2016-01-07 06:14:17.846 GMT     5	INFO   	100000	AssemblyLoader.Client	]	User assembly ignored: C:\R5Enterprise\ProvingGround\ProvingGroundTcpHostService\Microsoft.CodeAnalysis.CSharp.dll
	* Assembly contains no types assignable from Orleans.Providers.IProvider.	
[2016-01-07 06:14:17.956 GMT     5	INFO   	100000	AssemblyLoader.Client	]	User assembly ignored: C:\R5Enterprise\ProvingGround\ProvingGroundTcpHostService\Microsoft.CodeAnalysis.dll
	* Assembly contains no types assignable from Orleans.Providers.IProvider.	
[2016-01-07 06:14:17.975 GMT     5	INFO   	100000	AssemblyLoader.Client	]	User assembly ignored: C:\R5Enterprise\ProvingGround\ProvingGroundTcpHostService\Microsoft.Data.Edm.dll
	* Assembly contains no types assignable from Orleans.Providers.IProvider.	
[2016-01-07 06:14:18.002 GMT     5	INFO   	100000	AssemblyLoader.Client	]	User assembly ignored: C:\R5Enterprise\ProvingGround\ProvingGroundTcpHostService\Microsoft.Data.OData.dll
	* Assembly contains no types assignable from Orleans.Providers.IProvider.	
[2016-01-07 06:14:18.016 GMT     5	INFO   	100000	AssemblyLoader.Client	]	User assembly ignored: C:\R5Enterprise\ProvingGround\ProvingGroundTcpHostService\Microsoft.Data.Services.Client.dll
	* Assembly contains no types assignable from Orleans.Providers.IProvider.	
[2016-01-07 06:14:18.021 GMT     5	INFO   	100000	AssemblyLoader.Client	]	User assembly ignored: C:\R5Enterprise\ProvingGround\ProvingGroundTcpHostService\Microsoft.Practices.EnterpriseLibrary.TransientFaultHandling.dll
	* Assembly contains no types assignable from Orleans.Providers.IProvider.	
[2016-01-07 06:14:18.022 GMT     5	INFO   	100000	AssemblyLoader.Client	]	User assembly ignored: C:\R5Enterprise\ProvingGround\ProvingGroundTcpHostService\Microsoft.WindowsAzure.Configuration.dll
	* Assembly contains no types assignable from Orleans.Providers.IProvider.	
[2016-01-07 06:14:18.044 GMT     5	INFO   	100000	AssemblyLoader.Client	]	User assembly ignored: C:\R5Enterprise\ProvingGround\ProvingGroundTcpHostService\Microsoft.WindowsAzure.Storage.dll
	* Assembly contains no types assignable from Orleans.Providers.IProvider.	
[2016-01-07 06:14:18.203 GMT     5	INFO   	100000	AssemblyLoader.Client	]	User assembly ignored: C:\R5Enterprise\ProvingGround\ProvingGroundTcpHostService\Nest.dll
	* Assembly contains no types assignable from Orleans.Providers.IProvider.	
[2016-01-07 06:14:18.221 GMT     5	INFO   	100000	AssemblyLoader.Client	]	User assembly ignored: C:\R5Enterprise\ProvingGround\ProvingGroundTcpHostService\Newtonsoft.Json.dll
	* Assembly contains no types assignable from Orleans.Providers.IProvider.	
[2016-01-07 06:14:18.222 GMT     5	INFO   	100000	AssemblyLoader.Client	]	User assembly ignored: C:\R5Enterprise\ProvingGround\ProvingGroundTcpHostService\Orleans.dll
	* Assembly filename is excluded.	
[2016-01-07 06:14:18.233 GMT     5	INFO   	100000	AssemblyLoader.Client	]	User assembly ignored: C:\R5Enterprise\ProvingGround\ProvingGroundTcpHostService\OrleansCodeGenerator.dll
	* Assembly contains no types assignable from Orleans.Providers.IProvider.	
[2016-01-07 06:14:18.243 GMT     5	INFO   	100000	AssemblyLoader.Client	]	User assembly ignored: C:\R5Enterprise\ProvingGround\ProvingGroundTcpHostService\ProvingGroundActorDirect.dll
	* Assembly contains no types assignable from Orleans.Providers.IProvider.	
[2016-01-07 06:14:18.244 GMT     5	INFO   	100000	AssemblyLoader.Client	]	User assembly ignored: C:\R5Enterprise\ProvingGround\ProvingGroundTcpHostService\ProvingGroundBrcMessages.dll
	* Assembly contains no types assignable from Orleans.Providers.IProvider.	
[2016-01-07 06:14:18.244 GMT     5	INFO   	100000	AssemblyLoader.Client	]	User assembly ignored: C:\R5Enterprise\ProvingGround\ProvingGroundTcpHostService\ProvingGroundQueueMessages.dll
	* Assembly contains no types assignable from Orleans.Providers.IProvider.	
[2016-01-07 06:14:18.245 GMT     5	INFO   	100000	AssemblyLoader.Client	]	User assembly ignored: C:\R5Enterprise\ProvingGround\ProvingGroundTcpHostService\ProvingGroundTcpServer.dll
	* Assembly contains no types assignable from Orleans.Providers.IProvider.	
[2016-01-07 06:14:18.246 GMT     5	INFO   	100000	AssemblyLoader.Client	]	User assembly ignored: C:\R5Enterprise\ProvingGround\ProvingGroundTcpHostService\ProvingGroundTcpServerToActor.dll
	* Assembly contains no types assignable from Orleans.Providers.IProvider.	
[2016-01-07 06:14:18.247 GMT     5	INFO   	100000	AssemblyLoader.Client	]	User assembly ignored: C:\R5Enterprise\ProvingGround\ProvingGroundTcpHostService\R5Ent.ProvingGroundGrainInterface.dll
	* Assembly contains no types assignable from Orleans.Providers.IProvider.	
[2016-01-07 06:14:18.249 GMT     5	INFO   	100000	AssemblyLoader.Client	]	User assembly ignored: C:\R5Enterprise\ProvingGround\ProvingGroundTcpHostService\Rauland.R5TraceListeners.dll
	* Assembly contains no types assignable from Orleans.Providers.IProvider.	
[2016-01-07 06:14:18.338 GMT     5	INFO   	100000	AssemblyLoader.Client	]	User assembly ignored: C:\R5Enterprise\ProvingGround\ProvingGroundTcpHostService\System.Collections.Immutable.dll
	* Assembly contains no types assignable from Orleans.Providers.IProvider.	
[2016-01-07 06:14:18.457 GMT     5	INFO   	100000	AssemblyLoader.Client	]	User assembly ignored: C:\R5Enterprise\ProvingGround\ProvingGroundTcpHostService\System.Reflection.Metadata.dll
	* Assembly contains no types assignable from Orleans.Providers.IProvider.	
[2016-01-07 06:14:18.461 GMT     5	INFO   	100000	AssemblyLoader.Client	]	User assembly ignored: C:\R5Enterprise\ProvingGround\ProvingGroundTcpHostService\System.Spatial.dll
	* Assembly contains no types assignable from Orleans.Providers.IProvider.	
[2016-01-07 06:14:18.471 GMT     5	INFO   	100000	AssemblyLoader.Client	]	User assembly ignored: C:\R5Enterprise\ProvingGround\ProvingGroundTcpHostService\System.Threading.Tasks.Dataflow.dll
	* Assembly contains no types assignable from Orleans.Providers.IProvider.	
[2016-01-07 06:14:18.544 GMT     5	INFO   	100000	AssemblyLoader.Client	]	User assembly ignored: C:\R5Enterprise\ProvingGround\ProvingGroundTcpHostService\Topshelf.dll
	* Assembly contains no types assignable from Orleans.Providers.IProvider.	
[2016-01-07 06:14:18.545 GMT     5	INFO   	100000	AssemblyLoader.Client	]	User assembly ignored: C:\R5Enterprise\ProvingGround\ProvingGroundTcpHostService\de\Microsoft.Data.Edm.resources.dll
	* Assembly filename indicates that it is a resource assembly.	
[2016-01-07 06:14:18.546 GMT     5	INFO   	100000	AssemblyLoader.Client	]	User assembly ignored: C:\R5Enterprise\ProvingGround\ProvingGroundTcpHostService\de\Microsoft.Data.OData.resources.dll
	* Assembly filename indicates that it is a resource assembly.	
[2016-01-07 06:14:18.547 GMT     5	INFO   	100000	AssemblyLoader.Client	]	User assembly ignored: C:\R5Enterprise\ProvingGround\ProvingGroundTcpHostService\de\Microsoft.Data.Services.Client.resources.dll
	* Assembly filename indicates that it is a resource assembly.	
[2016-01-07 06:14:18.547 GMT     5	INFO   	100000	AssemblyLoader.Client	]	User assembly ignored: C:\R5Enterprise\ProvingGround\ProvingGroundTcpHostService\de\System.Spatial.resources.dll
	* Assembly filename indicates that it is a resource assembly.	
[2016-01-07 06:14:18.548 GMT     5	INFO   	100000	AssemblyLoader.Client	]	User assembly ignored: C:\R5Enterprise\ProvingGround\ProvingGroundTcpHostService\es\Microsoft.Data.Edm.resources.dll
	* Assembly filename indicates that it is a resource assembly.	
[2016-01-07 06:14:18.548 GMT     5	INFO   	100000	AssemblyLoader.Client	]	User assembly ignored: C:\R5Enterprise\ProvingGround\ProvingGroundTcpHostService\es\Microsoft.Data.OData.resources.dll
	* Assembly filename indicates that it is a resource assembly.	
[2016-01-07 06:14:18.549 GMT     5	INFO   	100000	AssemblyLoader.Client	]	User assembly ignored: C:\R5Enterprise\ProvingGround\ProvingGroundTcpHostService\es\Microsoft.Data.Services.Client.resources.dll
	* Assembly filename indicates that it is a resource assembly.	
[2016-01-07 06:14:18.549 GMT     5	INFO   	100000	AssemblyLoader.Client	]	User assembly ignored: C:\R5Enterprise\ProvingGround\ProvingGroundTcpHostService\es\System.Spatial.resources.dll
	* Assembly filename indicates that it is a resource assembly.	
[2016-01-07 06:14:18.550 GMT     5	INFO   	100000	AssemblyLoader.Client	]	User assembly ignored: C:\R5Enterprise\ProvingGround\ProvingGroundTcpHostService\fr\Microsoft.Data.Edm.resources.dll
	* Assembly filename indicates that it is a resource assembly.	
[2016-01-07 06:14:18.550 GMT     5	INFO   	100000	AssemblyLoader.Client	]	User assembly ignored: C:\R5Enterprise\ProvingGround\ProvingGroundTcpHostService\fr\Microsoft.Data.OData.resources.dll
	* Assembly filename indicates that it is a resource assembly.	
[2016-01-07 06:14:18.551 GMT     5	INFO   	100000	AssemblyLoader.Client	]	User assembly ignored: C:\R5Enterprise\ProvingGround\ProvingGroundTcpHostService\fr\Microsoft.Data.Services.Client.resources.dll
	* Assembly filename indicates that it is a resource assembly.	
[2016-01-07 06:14:18.551 GMT     5	INFO   	100000	AssemblyLoader.Client	]	User assembly ignored: C:\R5Enterprise\ProvingGround\ProvingGroundTcpHostService\fr\System.Spatial.resources.dll
	* Assembly filename indicates that it is a resource assembly.	
[2016-01-07 06:14:18.552 GMT     5	INFO   	100000	AssemblyLoader.Client	]	User assembly ignored: C:\R5Enterprise\ProvingGround\ProvingGroundTcpHostService\it\Microsoft.Data.Edm.resources.dll
	* Assembly filename indicates that it is a resource assembly.	
[2016-01-07 06:14:18.553 GMT     5	INFO   	100000	AssemblyLoader.Client	]	User assembly ignored: C:\R5Enterprise\ProvingGround\ProvingGroundTcpHostService\it\Microsoft.Data.OData.resources.dll
	* Assembly filename indicates that it is a resource assembly.	
[2016-01-07 06:14:18.553 GMT     5	INFO   	100000	AssemblyLoader.Client	]	User assembly ignored: C:\R5Enterprise\ProvingGround\ProvingGroundTcpHostService\it\Microsoft.Data.Services.Client.resources.dll
	* Assembly filename indicates that it is a resource assembly.	
[2016-01-07 06:14:18.554 GMT     5	INFO   	100000	AssemblyLoader.Client	]	User assembly ignored: C:\R5Enterprise\ProvingGround\ProvingGroundTcpHostService\it\System.Spatial.resources.dll
	* Assembly filename indicates that it is a resource assembly.	
[2016-01-07 06:14:18.554 GMT     5	INFO   	100000	AssemblyLoader.Client	]	User assembly ignored: C:\R5Enterprise\ProvingGround\ProvingGroundTcpHostService\ja\Microsoft.Data.Edm.resources.dll
	* Assembly filename indicates that it is a resource assembly.	
[2016-01-07 06:14:18.555 GMT     5	INFO   	100000	AssemblyLoader.Client	]	User assembly ignored: C:\R5Enterprise\ProvingGround\ProvingGroundTcpHostService\ja\Microsoft.Data.OData.resources.dll
	* Assembly filename indicates that it is a resource assembly.	
[2016-01-07 06:14:18.555 GMT     5	INFO   	100000	AssemblyLoader.Client	]	User assembly ignored: C:\R5Enterprise\ProvingGround\ProvingGroundTcpHostService\ja\Microsoft.Data.Services.Client.resources.dll
	* Assembly filename indicates that it is a resource assembly.	
[2016-01-07 06:14:18.556 GMT     5	INFO   	100000	AssemblyLoader.Client	]	User assembly ignored: C:\R5Enterprise\ProvingGround\ProvingGroundTcpHostService\ja\System.Spatial.resources.dll
	* Assembly filename indicates that it is a resource assembly.	
[2016-01-07 06:14:18.556 GMT     5	INFO   	100000	AssemblyLoader.Client	]	User assembly ignored: C:\R5Enterprise\ProvingGround\ProvingGroundTcpHostService\ko\Microsoft.Data.Edm.resources.dll
	* Assembly filename indicates that it is a resource assembly.	
[2016-01-07 06:14:18.557 GMT     5	INFO   	100000	AssemblyLoader.Client	]	User assembly ignored: C:\R5Enterprise\ProvingGround\ProvingGroundTcpHostService\ko\Microsoft.Data.OData.resources.dll
	* Assembly filename indicates that it is a resource assembly.	
[2016-01-07 06:14:18.557 GMT     5	INFO   	100000	AssemblyLoader.Client	]	User assembly ignored: C:\R5Enterprise\ProvingGround\ProvingGroundTcpHostService\ko\Microsoft.Data.Services.Client.resources.dll
	* Assembly filename indicates that it is a resource assembly.	
[2016-01-07 06:14:18.558 GMT     5	INFO   	100000	AssemblyLoader.Client	]	User assembly ignored: C:\R5Enterprise\ProvingGround\ProvingGroundTcpHostService\ko\System.Spatial.resources.dll
	* Assembly filename indicates that it is a resource assembly.	
[2016-01-07 06:14:18.558 GMT     5	INFO   	100000	AssemblyLoader.Client	]	User assembly ignored: C:\R5Enterprise\ProvingGround\ProvingGroundTcpHostService\ru\Microsoft.Data.Edm.resources.dll
	* Assembly filename indicates that it is a resource assembly.	
[2016-01-07 06:14:18.559 GMT     5	INFO   	100000	AssemblyLoader.Client	]	User assembly ignored: C:\R5Enterprise\ProvingGround\ProvingGroundTcpHostService\ru\Microsoft.Data.OData.resources.dll
	* Assembly filename indicates that it is a resource assembly.	
[2016-01-07 06:14:18.559 GMT     5	INFO   	100000	AssemblyLoader.Client	]	User assembly ignored: C:\R5Enterprise\ProvingGround\ProvingGroundTcpHostService\ru\Microsoft.Data.Services.Client.resources.dll
	* Assembly filename indicates that it is a resource assembly.	
[2016-01-07 06:14:18.560 GMT     5	INFO   	100000	AssemblyLoader.Client	]	User assembly ignored: C:\R5Enterprise\ProvingGround\ProvingGroundTcpHostService\ru\System.Spatial.resources.dll
	* Assembly filename indicates that it is a resource assembly.	
[2016-01-07 06:14:18.568 GMT     5	INFO   	100000	AssemblyLoader.Client	]	User assembly ignored: C:\R5Enterprise\ProvingGround\ProvingGroundTcpHostService\zh-Hans\Microsoft.Data.Edm.resources.dll
	* Assembly filename indicates that it is a resource assembly.	
[2016-01-07 06:14:18.568 GMT     5	INFO   	100000	AssemblyLoader.Client	]	User assembly ignored: C:\R5Enterprise\ProvingGround\ProvingGroundTcpHostService\zh-Hans\Microsoft.Data.OData.resources.dll
	* Assembly filename indicates that it is a resource assembly.	
[2016-01-07 06:14:18.569 GMT     5	INFO   	100000	AssemblyLoader.Client	]	User assembly ignored: C:\R5Enterprise\ProvingGround\ProvingGroundTcpHostService\zh-Hans\Microsoft.Data.Services.Client.resources.dll
	* Assembly filename indicates that it is a resource assembly.	
[2016-01-07 06:14:18.569 GMT     5	INFO   	100000	AssemblyLoader.Client	]	User assembly ignored: C:\R5Enterprise\ProvingGround\ProvingGroundTcpHostService\zh-Hans\System.Spatial.resources.dll
	* Assembly filename indicates that it is a resource assembly.	
[2016-01-07 06:14:18.570 GMT     5	INFO   	100000	AssemblyLoader.Client	]	User assembly ignored: C:\R5Enterprise\ProvingGround\ProvingGroundTcpHostService\zh-Hant\Microsoft.Data.Edm.resources.dll
	* Assembly filename indicates that it is a resource assembly.	
[2016-01-07 06:14:18.570 GMT     5	INFO   	100000	AssemblyLoader.Client	]	User assembly ignored: C:\R5Enterprise\ProvingGround\ProvingGroundTcpHostService\zh-Hant\Microsoft.Data.OData.resources.dll
	* Assembly filename indicates that it is a resource assembly.	
[2016-01-07 06:14:18.571 GMT     5	INFO   	100000	AssemblyLoader.Client	]	User assembly ignored: C:\R5Enterprise\ProvingGround\ProvingGroundTcpHostService\zh-Hant\Microsoft.Data.Services.Client.resources.dll
	* Assembly filename indicates that it is a resource assembly.	
[2016-01-07 06:14:18.572 GMT     5	INFO   	100000	AssemblyLoader.Client	]	User assembly ignored: C:\R5Enterprise\ProvingGround\ProvingGroundTcpHostService\zh-Hant\System.Spatial.resources.dll
	* Assembly filename indicates that it is a resource assembly.	
[2016-01-07 06:14:18.577 GMT     5	INFO   	100000	AssemblyLoader.Client	]	User assembly ignored: C:\R5Enterprise\ProvingGround\ProvingGroundTcpHostService\_PublishedApplications\ProvingGroundTcpHostService\ElasticSearch.Diagnostics.dll
	* A conflicting assembly has already been loaded from C:\R5Enterprise\ProvingGround\ProvingGroundTcpHostService\ElasticSearch.Diagnostics.dll.	
[2016-01-07 06:14:18.580 GMT     5	INFO   	100000	AssemblyLoader.Client	]	User assembly ignored: C:\R5Enterprise\ProvingGround\ProvingGroundTcpHostService\_PublishedApplications\ProvingGroundTcpHostService\Elasticsearch.Net.dll
	* A conflicting assembly has already been loaded from C:\R5Enterprise\ProvingGround\ProvingGroundTcpHostService\Elasticsearch.Net.dll.	
[2016-01-07 06:14:18.584 GMT     5	INFO   	100000	AssemblyLoader.Client	]	User assembly ignored: C:\R5Enterprise\ProvingGround\ProvingGroundTcpHostService\_PublishedApplications\ProvingGroundTcpHostService\Essential.Diagnostics.dll
	* A conflicting assembly has already been loaded from C:\R5Enterprise\ProvingGround\ProvingGroundTcpHostService\Essential.Diagnostics.dll.	
[2016-01-07 06:14:18.588 GMT     5	INFO   	100000	AssemblyLoader.Client	]	User assembly ignored: C:\R5Enterprise\ProvingGround\ProvingGroundTcpHostService\_PublishedApplications\ProvingGroundTcpHostService\Harvester.Core.dll
	* A conflicting assembly has already been loaded from C:\R5Enterprise\ProvingGround\ProvingGroundTcpHostService\Harvester.Core.dll.	
[2016-01-07 06:14:18.592 GMT     5	INFO   	100000	AssemblyLoader.Client	]	User assembly ignored: C:\R5Enterprise\ProvingGround\ProvingGroundTcpHostService\_PublishedApplications\ProvingGroundTcpHostService\Harvester.Integration.TraceListener.dll
	* A conflicting assembly has already been loaded from C:\R5Enterprise\ProvingGround\ProvingGroundTcpHostService\Harvester.Integration.TraceListener.dll.	
[2016-01-07 06:14:18.595 GMT     5	INFO   	100000	AssemblyLoader.Client	]	User assembly ignored: C:\R5Enterprise\ProvingGround\ProvingGroundTcpHostService\_PublishedApplications\ProvingGroundTcpHostService\Helios.dll
	* A conflicting assembly has already been loaded from C:\R5Enterprise\ProvingGround\ProvingGroundTcpHostService\Helios.dll.	
[2016-01-07 06:14:18.599 GMT     5	INFO   	100000	AssemblyLoader.Client	]	User assembly ignored: C:\R5Enterprise\ProvingGround\ProvingGroundTcpHostService\_PublishedApplications\ProvingGroundTcpHostService\Microsoft.Azure.SqlDatabase.ElasticScale.Client.dll
	* A conflicting assembly has already been loaded from C:\R5Enterprise\ProvingGround\ProvingGroundTcpHostService\Microsoft.Azure.SqlDatabase.ElasticScale.Client.dll.	
[2016-01-07 06:14:18.601 GMT     5	INFO   	100000	AssemblyLoader.Client	]	User assembly ignored: C:\R5Enterprise\ProvingGround\ProvingGroundTcpHostService\_PublishedApplications\ProvingGroundTcpHostService\Microsoft.CodeAnalysis.CSharp.dll
	* A conflicting assembly has already been loaded from C:\R5Enterprise\ProvingGround\ProvingGroundTcpHostService\Microsoft.CodeAnalysis.CSharp.dll.	
[2016-01-07 06:14:18.603 GMT     5	INFO   	100000	AssemblyLoader.Client	]	User assembly ignored: C:\R5Enterprise\ProvingGround\ProvingGroundTcpHostService\_PublishedApplications\ProvingGroundTcpHostService\Microsoft.CodeAnalysis.dll
	* A conflicting assembly has already been loaded from C:\R5Enterprise\ProvingGround\ProvingGroundTcpHostService\Microsoft.CodeAnalysis.dll.	
[2016-01-07 06:14:18.608 GMT     5	INFO   	100000	AssemblyLoader.Client	]	User assembly ignored: C:\R5Enterprise\ProvingGround\ProvingGroundTcpHostService\_PublishedApplications\ProvingGroundTcpHostService\Microsoft.Practices.EnterpriseLibrary.TransientFaultHandling.dll
	* A conflicting assembly has already been loaded from C:\R5Enterprise\ProvingGround\ProvingGroundTcpHostService\Microsoft.Practices.EnterpriseLibrary.TransientFaultHandling.dll.	
[2016-01-07 06:14:18.611 GMT     5	INFO   	100000	AssemblyLoader.Client	]	User assembly ignored: C:\R5Enterprise\ProvingGround\ProvingGroundTcpHostService\_PublishedApplications\ProvingGroundTcpHostService\Nest.dll
	* A conflicting assembly has already been loaded from C:\R5Enterprise\ProvingGround\ProvingGroundTcpHostService\Nest.dll.	
[2016-01-07 06:14:18.614 GMT     5	INFO   	100000	AssemblyLoader.Client	]	User assembly ignored: C:\R5Enterprise\ProvingGround\ProvingGroundTcpHostService\_PublishedApplications\ProvingGroundTcpHostService\Newtonsoft.Json.dll
	* A conflicting assembly has already been loaded from C:\R5Enterprise\ProvingGround\ProvingGroundTcpHostService\Newtonsoft.Json.dll.	
[2016-01-07 06:14:18.614 GMT     5	INFO   	100000	AssemblyLoader.Client	]	User assembly ignored: C:\R5Enterprise\ProvingGround\ProvingGroundTcpHostService\_PublishedApplications\ProvingGroundTcpHostService\Orleans.dll
	* Assembly filename is excluded.	
[2016-01-07 06:14:18.616 GMT     5	INFO   	100000	AssemblyLoader.Client	]	User assembly ignored: C:\R5Enterprise\ProvingGround\ProvingGroundTcpHostService\_PublishedApplications\ProvingGroundTcpHostService\OrleansCodeGenerator.dll
	* A conflicting assembly has already been loaded from C:\R5Enterprise\ProvingGround\ProvingGroundTcpHostService\OrleansCodeGenerator.dll.	
[2016-01-07 06:14:18.619 GMT     5	INFO   	100000	AssemblyLoader.Client	]	User assembly ignored: C:\R5Enterprise\ProvingGround\ProvingGroundTcpHostService\_PublishedApplications\ProvingGroundTcpHostService\OrleansProviders.dll
	* A conflicting assembly has already been loaded from C:\R5Enterprise\ProvingGround\ProvingGroundTcpHostService\OrleansProviders.dll.	
[2016-01-07 06:14:18.623 GMT     5	INFO   	100000	AssemblyLoader.Client	]	User assembly ignored: C:\R5Enterprise\ProvingGround\ProvingGroundTcpHostService\_PublishedApplications\ProvingGroundTcpHostService\OrleansSQLUtils.dll
	* A conflicting assembly has already been loaded from C:\R5Enterprise\ProvingGround\ProvingGroundTcpHostService\OrleansSQLUtils.dll.	
[2016-01-07 06:14:18.624 GMT     5	INFO   	100000	AssemblyLoader.Client	]	User assembly ignored: C:\R5Enterprise\ProvingGround\ProvingGroundTcpHostService\_PublishedApplications\ProvingGroundTcpHostService\ProvingGroundActorDirect.dll
	* A conflicting assembly has already been loaded from C:\R5Enterprise\ProvingGround\ProvingGroundTcpHostService\ProvingGroundActorDirect.dll.	
[2016-01-07 06:14:18.628 GMT     5	INFO   	100000	AssemblyLoader.Client	]	User assembly ignored: C:\R5Enterprise\ProvingGround\ProvingGroundTcpHostService\_PublishedApplications\ProvingGroundTcpHostService\ProvingGroundBrcMessages.dll
	* A conflicting assembly has already been loaded from C:\R5Enterprise\ProvingGround\ProvingGroundTcpHostService\ProvingGroundBrcMessages.dll.	
[2016-01-07 06:14:18.630 GMT     5	INFO   	100000	AssemblyLoader.Client	]	User assembly ignored: C:\R5Enterprise\ProvingGround\ProvingGroundTcpHostService\_PublishedApplications\ProvingGroundTcpHostService\ProvingGroundQueueMessages.dll
	* A conflicting assembly has already been loaded from C:\R5Enterprise\ProvingGround\ProvingGroundTcpHostService\ProvingGroundQueueMessages.dll.	
[2016-01-07 06:14:18.631 GMT     5	INFO   	100000	AssemblyLoader.Client	]	User assembly ignored: C:\R5Enterprise\ProvingGround\ProvingGroundTcpHostService\_PublishedApplications\ProvingGroundTcpHostService\ProvingGroundTcpServer.dll
	* A conflicting assembly has already been loaded from C:\R5Enterprise\ProvingGround\ProvingGroundTcpHostService\ProvingGroundTcpServer.dll.	
[2016-01-07 06:14:18.633 GMT     5	INFO   	100000	AssemblyLoader.Client	]	User assembly ignored: C:\R5Enterprise\ProvingGround\ProvingGroundTcpHostService\_PublishedApplications\ProvingGroundTcpHostService\ProvingGroundTcpServerToActor.dll
	* A conflicting assembly has already been loaded from C:\R5Enterprise\ProvingGround\ProvingGroundTcpHostService\ProvingGroundTcpServerToActor.dll.	
[2016-01-07 06:14:18.635 GMT     5	INFO   	100000	AssemblyLoader.Client	]	User assembly ignored: C:\R5Enterprise\ProvingGround\ProvingGroundTcpHostService\_PublishedApplications\ProvingGroundTcpHostService\R5Ent.ProvingGroundGrainInterface.dll
	* A conflicting assembly has already been loaded from C:\R5Enterprise\ProvingGround\ProvingGroundTcpHostService\R5Ent.ProvingGroundGrainInterface.dll.	
[2016-01-07 06:14:18.639 GMT     5	INFO   	100000	AssemblyLoader.Client	]	User assembly ignored: C:\R5Enterprise\ProvingGround\ProvingGroundTcpHostService\_PublishedApplications\ProvingGroundTcpHostService\Rauland.R5TraceListeners.dll
	* A conflicting assembly has already been loaded from C:\R5Enterprise\ProvingGround\ProvingGroundTcpHostService\Rauland.R5TraceListeners.dll.	
[2016-01-07 06:14:18.641 GMT     5	INFO   	100000	AssemblyLoader.Client	]	User assembly ignored: C:\R5Enterprise\ProvingGround\ProvingGroundTcpHostService\_PublishedApplications\ProvingGroundTcpHostService\System.Collections.Immutable.dll
	* A conflicting assembly has already been loaded from C:\R5Enterprise\ProvingGround\ProvingGroundTcpHostService\System.Collections.Immutable.dll.	
[2016-01-07 06:14:18.643 GMT     5	INFO   	100000	AssemblyLoader.Client	]	User assembly ignored: C:\R5Enterprise\ProvingGround\ProvingGroundTcpHostService\_PublishedApplications\ProvingGroundTcpHostService\System.Reflection.Metadata.dll
	* A conflicting assembly has already been loaded from C:\R5Enterprise\ProvingGround\ProvingGroundTcpHostService\System.Reflection.Metadata.dll.	
[2016-01-07 06:14:18.647 GMT     5	INFO   	100000	AssemblyLoader.Client	]	User assembly ignored: C:\R5Enterprise\ProvingGround\ProvingGroundTcpHostService\_PublishedApplications\ProvingGroundTcpHostService\System.Threading.Tasks.Dataflow.dll
	* A conflicting assembly has already been loaded from C:\R5Enterprise\ProvingGround\ProvingGroundTcpHostService\System.Threading.Tasks.Dataflow.dll.	
[2016-01-07 06:14:18.648 GMT     5	INFO   	100000	AssemblyLoader.Client	]	User assembly ignored: C:\R5Enterprise\ProvingGround\ProvingGroundTcpHostService\_PublishedApplications\ProvingGroundTcpHostService\Topshelf.dll
	* A conflicting assembly has already been loaded from C:\R5Enterprise\ProvingGround\ProvingGroundTcpHostService\Topshelf.dll.	
[2016-01-07 06:14:18.649 GMT     5	INFO   	100000	AssemblyLoader.Client	]	Loading assembly C:\R5Enterprise\ProvingGround\ProvingGroundTcpHostService\OrleansProviders.dll...	
[2016-01-07 06:14:18.655 GMT     5	INFO   	100000	AssemblyLoader.Client	]	Loading assembly C:\R5Enterprise\ProvingGround\ProvingGroundTcpHostService\OrleansSQLUtils.dll...	
[2016-01-07 06:14:18.676 GMT     5	INFO   	100000	AssemblyLoader.Client	]	2 assemblies loaded.	
[2016-01-07 06:14:18.803 GMT     5	INFO   	100313	OutsideRuntimeClient	]	---------- Initializing OutsideRuntimeClient on Stripes03 at 172.18.124.93 Client Id = *cli/3100e589 ----------	
[2016-01-07 06:14:18.837 GMT     5	INFO   	100314	OutsideRuntimeClient	]	---------- Starting OutsideRuntimeClient with runtime Version='1.1.0.0 (Release).' Config= 
 Platform version info:
   .NET version: 4.0.30319.34209
   Is .NET 4.5=True
   OS version: Microsoft Windows NT 6.2.9200.0
   GC Type=Client GCLatencyMode=Interactive
   Host: Stripes03
   Processor Count: 2
Client Configuration:
   Config File Name: C:\R5Enterprise\ProvingGround\ProvingGroundTcpHostService\ClientConfiguration.xml
   Start time: 2016-01-07 06:14:18.817 GMT
   Gateway Provider: SqlServer
   Gateways: Unspecified
   Preferred Gateway Index: -1
   GatewayListRefreshPeriod: 00:01:00
   Azure:
      DeploymentId: R5Ent-v1.0
      DataConnectionString: Server=Stripes01;Database=Orleans;User ID=orleans;Password=<--SNIP-->
   Preferred Address Family: InterNetwork
   DNS Host Name: Stripes03
   Client Name: Client
   Tracing: 
     Default Trace Level: Info
     TraceLevelOverrides:
         Runtime ==> Info
         Grain ==> Info
         Application ==> Info
         Provider ==> Info
     Trace to Console: False
     Trace File Name: C:\R5Enterprise\ProvingGround\ProvingGroundTcpHostService\Client-2016-01-07-06.14.00.821Z.log
     Write Messaging Traces: False
     LargeMessageWarningThreshold: 85000
     PropagateActivityId: False
     BulkMessageLimit: 5
   Statistics: 
     MetricsTableWriteInterval: 00:00:30
     PerfCounterWriteInterval: -00:00:00.0010000
     LogWriteInterval: 00:05:00
     WriteLogStatisticsToTable: True
     StatisticsCollectionLevel: Info
   Messaging:
       Response timeout: 00:00:30
       Maximum resend count: 0
       Resend On Timeout: False
       Maximum Socket Age: 10675199.02:48:05.4775807
       Drop Expired Messages: True
       Client Sender Buckets: 8192
       Use standard (.NET) serializer: False   [NOTE: This *MUST* match the setting on the server or nothing will work!]
       Use fallback json serializer: False   [NOTE: This *MUST* match the setting on the server or nothing will work!]
       Buffer Pool Buffer Size: 4096
       Buffer Pool Max Size: 10000
       Buffer Pool Preallocation Size: 250
       Use Message Batching: False
       Max Message Batching Size: 10
   Providers:
       No providers configured.
	
[2016-01-07 06:14:20.362 GMT     5	INFO   	101309	Messaging.GatewayManager	]	Found 3 knownGateways from Gateway listProvider [gwy.tcp://172.18.124.91:30000/189842048, gwy.tcp://172.18.124.92:30000/189842224, gwy.tcp://172.18.124.93:30000/189842382]	
[2016-01-07 06:14:22.072 GMT     5	INFO   	100908	Messaging.GatewayConnection/GatewayClientSender_gwy.tcp://172.18.124.91:30000/189842048	172.18.124.93:0]	Connected to gateway at address gwy.tcp://172.18.124.91:30000/189842048 on trial 0.	
[2016-01-07 06:14:22.205 GMT    27	INFO   	100000	Messaging.GatewayClientReceiver/gwy.tcp://172.18.124.91:30000/189842048	172.18.124.93:0]	Starting AsyncAgent Messaging.GatewayClientReceiver/gwy.tcp://172.18.124.91:30000/189842048 on managed thread 27	
[2016-01-07 06:14:22.546 GMT    26	INFO   	100000	Messaging.GatewayConnection/GatewayClientSender_gwy.tcp://172.18.124.91:30000/189842048	172.18.124.93:0]	Starting AsyncAgent Messaging.GatewayConnection/GatewayClientSender_gwy.tcp://172.18.124.91:30000/189842048 on managed thread 26	
[2016-01-07 06:14:24.309 GMT     5	INFO   	100908	Messaging.GatewayConnection/GatewayClientSender_gwy.tcp://172.18.124.92:30000/189842224	172.18.124.93:0]	Connected to gateway at address gwy.tcp://172.18.124.92:30000/189842224 on trial 0.	
[2016-01-07 06:14:24.318 GMT    31	INFO   	100000	Messaging.GatewayClientReceiver/gwy.tcp://172.18.124.92:30000/189842224	172.18.124.93:0]	Starting AsyncAgent Messaging.GatewayClientReceiver/gwy.tcp://172.18.124.92:30000/189842224 on managed thread 31	
[2016-01-07 06:14:24.320 GMT    30	INFO   	100000	Messaging.GatewayConnection/GatewayClientSender_gwy.tcp://172.18.124.92:30000/189842224	172.18.124.93:0]	Starting AsyncAgent Messaging.GatewayConnection/GatewayClientSender_gwy.tcp://172.18.124.92:30000/189842224 on managed thread 30	
[2016-01-07 06:14:24.365 GMT     5	INFO   	100929	OutsideRuntimeClient	172.18.124.93:0]	---------- Started OutsideRuntimeClient with Global Client ID: C172.18.124.93:0:-189843258*cli/3100e589@ecff94a4, client GUID ID: *cli/3100e589	
[2016-01-07 06:14:24.927 GMT     4	INFO   	100908	Messaging.GatewayConnection/GatewayClientSender_gwy.tcp://172.18.124.93:30000/189842382	172.18.124.93:0]	Connected to gateway at address gwy.tcp://172.18.124.93:30000/189842382 on trial 0.	
[2016-01-07 06:14:24.929 GMT     3	INFO   	100000	Messaging.GatewayClientReceiver/gwy.tcp://172.18.124.93:30000/189842382	172.18.124.93:0]	Starting AsyncAgent Messaging.GatewayClientReceiver/gwy.tcp://172.18.124.93:30000/189842382 on managed thread 3	
[2016-01-07 06:14:24.930 GMT    19	INFO   	100000	Messaging.GatewayConnection/GatewayClientSender_gwy.tcp://172.18.124.93:30000/189842382	172.18.124.93:0]	Starting AsyncAgent Messaging.GatewayConnection/GatewayClientSender_gwy.tcp://172.18.124.93:30000/189842382 on managed thread 19	
